# JRE version: OpenJDK Runtime Environment (8.0_152-b01) (build 1.8.0_152-release-1343-b01)
# Java VM: OpenJDK 64-Bit Server VM (25.152-b01 mixed mode windows-amd64 compressed oops)
Heap:
 PSYoungGen      total 174080K, used 129305K [0x00000000eab00000, 0x00000000f7700000, 0x0000000100000000)
  eden space 156160K, 71% used [0x00000000eab00000,0x00000000f17cacb0,0x00000000f4380000)
  from space 17920K, 99% used [0x00000000f5a80000,0x00000000f6bfb878,0x00000000f6c00000)
  to   space 23552K, 0% used [0x00000000f4380000,0x00000000f4380000,0x00000000f5a80000)
 ParOldGen       total 225280K, used 50305K [0x00000000c0000000, 0x00000000cdc00000, 0x00000000eab00000)
  object space 225280K, 22% used [0x00000000c0000000,0x00000000c3120558,0x00000000cdc00000)
 Metaspace       used 78965K, capacity 81906K, committed 81944K, reserved 1120256K
  class space    used 10122K, capacity 10762K, committed 10800K, reserved 1048576K
GC Heap History (10 events):
Event: 9.345 GC heap before
{Heap before GC invocations=13 (full 2):
 PSYoungGen      total 174080K, used 20107K [0x00000000eab00000, 0x00000000f7700000, 0x0000000100000000)
  eden space 156160K, 1% used [0x00000000eab00000,0x00000000ead24ed0,0x00000000f4380000)
  from space 17920K, 99% used [0x00000000f5a80000,0x00000000f6bfe080,0x00000000f6c00000)
  to   space 23552K, 0% used [0x00000000f4380000,0x00000000f4380000,0x00000000f5a80000)
 ParOldGen       total 177664K, used 36155K [0x00000000c0000000, 0x00000000cad80000, 0x00000000eab00000)
  object space 177664K, 20% used [0x00000000c0000000,0x00000000c234ed10,0x00000000cad80000)
 Metaspace       used 57540K, capacity 59122K, committed 59160K, reserved 1099776K
  class space    used 7788K, capacity 8206K, committed 8240K, reserved 1048576K
Event: 9.356 GC heap after
Heap after GC invocations=13 (full 2):
 PSYoungGen      total 179712K, used 18227K [0x00000000eab00000, 0x00000000f7700000, 0x0000000100000000)
  eden space 156160K, 0% used [0x00000000eab00000,0x00000000eab00000,0x00000000f4380000)
  from space 23552K, 77% used [0x00000000f4380000,0x00000000f554cec8,0x00000000f5a80000)
  to   space 17920K, 0% used [0x00000000f5a80000,0x00000000f5a80000,0x00000000f6c00000)
 ParOldGen       total 177664K, used 36163K [0x00000000c0000000, 0x00000000cad80000, 0x00000000eab00000)
  object space 177664K, 20% used [0x00000000c0000000,0x00000000c2350d10,0x00000000cad80000)
 Metaspace       used 57540K, capacity 59122K, committed 59160K, reserved 1099776K
  class space    used 7788K, capacity 8206K, committed 8240K, reserved 1048576K
}
Event: 9.356 GC heap before
{Heap before GC invocations=14 (full 3):
 PSYoungGen      total 179712K, used 18227K [0x00000000eab00000, 0x00000000f7700000, 0x0000000100000000)
  eden space 156160K, 0% used [0x00000000eab00000,0x00000000eab00000,0x00000000f4380000)
  from space 23552K, 77% used [0x00000000f4380000,0x00000000f554cec8,0x00000000f5a80000)
  to   space 17920K, 0% used [0x00000000f5a80000,0x00000000f5a80000,0x00000000f6c00000)
 ParOldGen       total 177664K, used 36163K [0x00000000c0000000, 0x00000000cad80000, 0x00000000eab00000)
  object space 177664K, 20% used [0x00000000c0000000,0x00000000c2350d10,0x00000000cad80000)
 Metaspace       used 57540K, capacity 59122K, committed 59160K, reserved 1099776K
  class space    used 7788K, capacity 8206K, committed 8240K, reserved 1048576K
Event: 9.553 GC heap after
Heap after GC invocations=14 (full 3):
 PSYoungGen      total 179712K, used 0K [0x00000000eab00000, 0x00000000f7700000, 0x0000000100000000)
  eden space 156160K, 0% used [0x00000000eab00000,0x00000000eab00000,0x00000000f4380000)
  from space 23552K, 0% used [0x00000000f4380000,0x00000000f4380000,0x00000000f5a80000)
  to   space 17920K, 0% used [0x00000000f5a80000,0x00000000f5a80000,0x00000000f6c00000)
 ParOldGen       total 225280K, used 38751K [0x00000000c0000000, 0x00000000cdc00000, 0x00000000eab00000)
  object space 225280K, 17% used [0x00000000c0000000,0x00000000c25d7f88,0x00000000cdc00000)
 Metaspace       used 57540K, capacity 59122K, committed 59160K, reserved 1099776K
  class space    used 7788K, capacity 8206K, committed 8240K, reserved 1048576K
}
Event: 11.410 GC heap before
{Heap before GC invocations=15 (full 3):
 PSYoungGen      total 179712K, used 156160K [0x00000000eab00000, 0x00000000f7700000, 0x0000000100000000)
  eden space 156160K, 100% used [0x00000000eab00000,0x00000000f4380000,0x00000000f4380000)
  from space 23552K, 0% used [0x00000000f4380000,0x00000000f4380000,0x00000000f5a80000)
  to   space 17920K, 0% used [0x00000000f5a80000,0x00000000f5a80000,0x00000000f6c00000)
 ParOldGen       total 225280K, used 38751K [0x00000000c0000000, 0x00000000cdc00000, 0x00000000eab00000)
  object space 225280K, 17% used [0x00000000c0000000,0x00000000c25d7f88,0x00000000cdc00000)
 Metaspace       used 69375K, capacity 71304K, committed 71448K, reserved 1112064K
  class space    used 8946K, capacity 9398K, committed 9520K, reserved 1048576K
Event: 11.418 GC heap after
Heap after GC invocations=15 (full 3):
 PSYoungGen      total 174080K, used 17909K [0x00000000eab00000, 0x00000000f7700000, 0x0000000100000000)
  eden space 156160K, 0% used [0x00000000eab00000,0x00000000eab00000,0x00000000f4380000)
  from space 17920K, 99% used [0x00000000f5a80000,0x00000000f6bfd640,0x00000000f6c00000)
  to   space 23552K, 0% used [0x00000000f4380000,0x00000000f4380000,0x00000000f5a80000)
 ParOldGen       total 225280K, used 39074K [0x00000000c0000000, 0x00000000cdc00000, 0x00000000eab00000)
  object space 225280K, 17% used [0x00000000c0000000,0x00000000c2628958,0x00000000cdc00000)
 Metaspace       used 69375K, capacity 71304K, committed 71448K, reserved 1112064K
  class space    used 8946K, capacity 9398K, committed 9520K, reserved 1048576K
}
Event: 12.068 GC heap before
{Heap before GC invocations=16 (full 3):
 PSYoungGen      total 174080K, used 174069K [0x00000000eab00000, 0x00000000f7700000, 0x0000000100000000)
  eden space 156160K, 100% used [0x00000000eab00000,0x00000000f4380000,0x00000000f4380000)
  from space 17920K, 99% used [0x00000000f5a80000,0x00000000f6bfd640,0x00000000f6c00000)
  to   space 23552K, 0% used [0x00000000f4380000,0x00000000f4380000,0x00000000f5a80000)
 ParOldGen       total 225280K, used 39087K [0x00000000c0000000, 0x00000000cdc00000, 0x00000000eab00000)
  object space 225280K, 17% used [0x00000000c0000000,0x00000000c262bd10,0x00000000cdc00000)
 Metaspace       used 69940K, capacity 71930K, committed 72216K, reserved 1112064K
  class space    used 8995K, capacity 9464K, committed 9520K, reserved 1048576K
Event: 12.079 GC heap after
Heap after GC invocations=16 (full 3):
 PSYoungGen      total 179712K, used 20591K [0x00000000eab00000, 0x00000000f7700000, 0x0000000100000000)
  eden space 156160K, 0% used [0x00000000eab00000,0x00000000eab00000,0x00000000f4380000)
  from space 23552K, 87% used [0x00000000f4380000,0x00000000f579be58,0x00000000f5a80000)
  to   space 17920K, 0% used [0x00000000f5a80000,0x00000000f5a80000,0x00000000f6c00000)
 ParOldGen       total 225280K, used 39095K [0x00000000c0000000, 0x00000000cdc00000, 0x00000000eab00000)
  object space 225280K, 17% used [0x00000000c0000000,0x00000000c262dd10,0x00000000cdc00000)
 Metaspace       used 69940K, capacity 71930K, committed 72216K, reserved 1112064K
  class space    used 8995K, capacity 9464K, committed 9520K, reserved 1048576K
}
Event: 12.956 GC heap before
{Heap before GC invocations=17 (full 3):
 PSYoungGen      total 179712K, used 176751K [0x00000000eab00000, 0x00000000f7700000, 0x0000000100000000)
  eden space 156160K, 100% used [0x00000000eab00000,0x00000000f4380000,0x00000000f4380000)
  from space 23552K, 87% used [0x00000000f4380000,0x00000000f579be58,0x00000000f5a80000)
  to   space 17920K, 0% used [0x00000000f5a80000,0x00000000f5a80000,0x00000000f6c00000)
 ParOldGen       total 225280K, used 39096K [0x00000000c0000000, 0x00000000cdc00000, 0x00000000eab00000)
  object space 225280K, 17% used [0x00000000c0000000,0x00000000c262e300,0x00000000cdc00000)
 Metaspace       used 76834K, capacity 79402K, committed 79640K, reserved 1118208K
  class space    used 9887K, capacity 10468K, committed 10544K, reserved 1048576K
Event: 12.973 GC heap after
Heap after GC invocations=17 (full 3):
 PSYoungGen      total 174080K, used 17902K [0x00000000eab00000, 0x00000000f7700000, 0x0000000100000000)
  eden space 156160K, 0% used [0x00000000eab00000,0x00000000eab00000,0x00000000f4380000)
  from space 17920K, 99% used [0x00000000f5a80000,0x00000000f6bfb878,0x00000000f6c00000)
  to   space 23552K, 0% used [0x00000000f4380000,0x00000000f4380000,0x00000000f5a80000)
 ParOldGen       total 225280K, used 50305K [0x00000000c0000000, 0x00000000cdc00000, 0x00000000eab00000)
  object space 225280K, 22% used [0x00000000c0000000,0x00000000c3120558,0x00000000cdc00000)
 Metaspace       used 76834K, capacity 79402K, committed 79640K, reserved 1118208K
  class space    used 9887K, capacity 10468K, committed 10544K, reserved 1048576K
}

