# JRE version: OpenJDK Runtime Environment (8.0_152-b01) (build 1.8.0_152-release-1343-b01)
# Java VM: OpenJDK 64-Bit Server VM (25.152-b01 mixed mode windows-amd64 compressed oops)
Heap:
 PSYoungGen      total 178688K, used 75758K [0x00000000eab00000, 0x00000000f7900000, 0x0000000100000000)
  eden space 160768K, 47% used [0x00000000eab00000,0x00000000ef4fbbf8,0x00000000f4800000)
  from space 17920K, 0% used [0x00000000f5d00000,0x00000000f5d00000,0x00000000f6e80000)
  to   space 21504K, 0% used [0x00000000f4800000,0x00000000f4800000,0x00000000f5d00000)
 ParOldGen       total 177664K, used 34809K [0x00000000c0000000, 0x00000000cad80000, 0x00000000eab00000)
  object space 177664K, 19% used [0x00000000c0000000,0x00000000c21fe548,0x00000000cad80000)
 Metaspace       used 60005K, capacity 61734K, committed 61864K, reserved 1101824K
  class space    used 8133K, capacity 8581K, committed 8624K, reserved 1048576K
GC Heap History (10 events):
Event: 6.952 GC heap before
{Heap before GC invocations=9 (full 2):
 PSYoungGen      total 105472K, used 94720K [0x00000000eab00000, 0x00000000f2080000, 0x0000000100000000)
  eden space 94720K, 100% used [0x00000000eab00000,0x00000000f0780000,0x00000000f0780000)
  from space 10752K, 0% used [0x00000000f1280000,0x00000000f1280000,0x00000000f1d00000)
  to   space 11264K, 0% used [0x00000000f0780000,0x00000000f0780000,0x00000000f1280000)
 ParOldGen       total 177664K, used 16516K [0x00000000c0000000, 0x00000000cad80000, 0x00000000eab00000)
  object space 177664K, 9% used [0x00000000c0000000,0x00000000c1021380,0x00000000cad80000)
 Metaspace       used 40568K, capacity 41254K, committed 41640K, reserved 1085440K
  class space    used 5486K, capacity 5738K, committed 5808K, reserved 1048576K
Event: 6.964 GC heap after
Heap after GC invocations=9 (full 2):
 PSYoungGen      total 105984K, used 10720K [0x00000000eab00000, 0x00000000f4600000, 0x0000000100000000)
  eden space 94720K, 0% used [0x00000000eab00000,0x00000000eab00000,0x00000000f0780000)
  from space 11264K, 95% used [0x00000000f0780000,0x00000000f11f8220,0x00000000f1280000)
  to   space 11776K, 0% used [0x00000000f3a80000,0x00000000f3a80000,0x00000000f4600000)
 ParOldGen       total 177664K, used 16524K [0x00000000c0000000, 0x00000000cad80000, 0x00000000eab00000)
  object space 177664K, 9% used [0x00000000c0000000,0x00000000c1023380,0x00000000cad80000)
 Metaspace       used 40568K, capacity 41254K, committed 41640K, reserved 1085440K
  class space    used 5486K, capacity 5738K, committed 5808K, reserved 1048576K
}
Event: 8.696 GC heap before
{Heap before GC invocations=10 (full 2):
 PSYoungGen      total 105984K, used 105440K [0x00000000eab00000, 0x00000000f4600000, 0x0000000100000000)
  eden space 94720K, 100% used [0x00000000eab00000,0x00000000f0780000,0x00000000f0780000)
  from space 11264K, 95% used [0x00000000f0780000,0x00000000f11f8220,0x00000000f1280000)
  to   space 11776K, 0% used [0x00000000f3a80000,0x00000000f3a80000,0x00000000f4600000)
 ParOldGen       total 177664K, used 16524K [0x00000000c0000000, 0x00000000cad80000, 0x00000000eab00000)
  object space 177664K, 9% used [0x00000000c0000000,0x00000000c1023380,0x00000000cad80000)
 Metaspace       used 47824K, capacity 48766K, committed 49064K, reserved 1091584K
  class space    used 6438K, capacity 6742K, committed 6832K, reserved 1048576K
Event: 8.705 GC heap after
Heap after GC invocations=10 (full 2):
 PSYoungGen      total 144384K, used 11760K [0x00000000eab00000, 0x00000000f4880000, 0x0000000100000000)
  eden space 132608K, 0% used [0x00000000eab00000,0x00000000eab00000,0x00000000f2c80000)
  from space 11776K, 99% used [0x00000000f3a80000,0x00000000f45fc220,0x00000000f4600000)
  to   space 14336K, 0% used [0x00000000f2c80000,0x00000000f2c80000,0x00000000f3a80000)
 ParOldGen       total 177664K, used 20258K [0x00000000c0000000, 0x00000000cad80000, 0x00000000eab00000)
  object space 177664K, 11% used [0x00000000c0000000,0x00000000c13c8848,0x00000000cad80000)
 Metaspace       used 47824K, capacity 48766K, committed 49064K, reserved 1091584K
  class space    used 6438K, capacity 6742K, committed 6832K, reserved 1048576K
}
Event: 10.411 GC heap before
{Heap before GC invocations=11 (full 2):
 PSYoungGen      total 144384K, used 144368K [0x00000000eab00000, 0x00000000f4880000, 0x0000000100000000)
  eden space 132608K, 100% used [0x00000000eab00000,0x00000000f2c80000,0x00000000f2c80000)
  from space 11776K, 99% used [0x00000000f3a80000,0x00000000f45fc220,0x00000000f4600000)
  to   space 14336K, 0% used [0x00000000f2c80000,0x00000000f2c80000,0x00000000f3a80000)
 ParOldGen       total 177664K, used 20258K [0x00000000c0000000, 0x00000000cad80000, 0x00000000eab00000)
  object space 177664K, 11% used [0x00000000c0000000,0x00000000c13c8848,0x00000000cad80000)
 Metaspace       used 53686K, capacity 55304K, committed 55464K, reserved 1097728K
  class space    used 7287K, capacity 7729K, committed 7856K, reserved 1048576K
Event: 10.424 GC heap after
Heap after GC invocations=11 (full 2):
 PSYoungGen      total 146944K, used 14320K [0x00000000eab00000, 0x00000000f6e80000, 0x0000000100000000)
  eden space 132608K, 0% used [0x00000000eab00000,0x00000000eab00000,0x00000000f2c80000)
  from space 14336K, 99% used [0x00000000f2c80000,0x00000000f3a7c060,0x00000000f3a80000)
  to   space 17920K, 0% used [0x00000000f5d00000,0x00000000f5d00000,0x00000000f6e80000)
 ParOldGen       total 177664K, used 26080K [0x00000000c0000000, 0x00000000cad80000, 0x00000000eab00000)
  object space 177664K, 14% used [0x00000000c0000000,0x00000000c19781c0,0x00000000cad80000)
 Metaspace       used 53686K, capacity 55304K, committed 55464K, reserved 1097728K
  class space    used 7287K, capacity 7729K, committed 7856K, reserved 1048576K
}
Event: 11.378 GC heap before
{Heap before GC invocations=12 (full 2):
 PSYoungGen      total 146944K, used 79913K [0x00000000eab00000, 0x00000000f6e80000, 0x0000000100000000)
  eden space 132608K, 49% used [0x00000000eab00000,0x00000000eeb0e608,0x00000000f2c80000)
  from space 14336K, 99% used [0x00000000f2c80000,0x00000000f3a7c060,0x00000000f3a80000)
  to   space 17920K, 0% used [0x00000000f5d00000,0x00000000f5d00000,0x00000000f6e80000)
 ParOldGen       total 177664K, used 26080K [0x00000000c0000000, 0x00000000cad80000, 0x00000000eab00000)
  object space 177664K, 14% used [0x00000000c0000000,0x00000000c19781c0,0x00000000cad80000)
 Metaspace       used 57415K, capacity 59068K, committed 59160K, reserved 1099776K
  class space    used 7837K, capacity 8280K, committed 8368K, reserved 1048576K
Event: 11.393 GC heap after
Heap after GC invocations=12 (full 2):
 PSYoungGen      total 178688K, used 17896K [0x00000000eab00000, 0x00000000f7900000, 0x0000000100000000)
  eden space 160768K, 0% used [0x00000000eab00000,0x00000000eab00000,0x00000000f4800000)
  from space 17920K, 99% used [0x00000000f5d00000,0x00000000f6e7a080,0x00000000f6e80000)
  to   space 21504K, 0% used [0x00000000f4800000,0x00000000f4800000,0x00000000f5d00000)
 ParOldGen       total 177664K, used 29842K [0x00000000c0000000, 0x00000000cad80000, 0x00000000eab00000)
  object space 177664K, 16% used [0x00000000c0000000,0x00000000c1d24960,0x00000000cad80000)
 Metaspace       used 57415K, capacity 59068K, committed 59160K, reserved 1099776K
  class space    used 7837K, capacity 8280K, committed 8368K, reserved 1048576K
}
Event: 11.393 GC heap before
{Heap before GC invocations=13 (full 3):
 PSYoungGen      total 178688K, used 17896K [0x00000000eab00000, 0x00000000f7900000, 0x0000000100000000)
  eden space 160768K, 0% used [0x00000000eab00000,0x00000000eab00000,0x00000000f4800000)
  from space 17920K, 99% used [0x00000000f5d00000,0x00000000f6e7a080,0x00000000f6e80000)
  to   space 21504K, 0% used [0x00000000f4800000,0x00000000f4800000,0x00000000f5d00000)
 ParOldGen       total 177664K, used 29842K [0x00000000c0000000, 0x00000000cad80000, 0x00000000eab00000)
  object space 177664K, 16% used [0x00000000c0000000,0x00000000c1d24960,0x00000000cad80000)
 Metaspace       used 57415K, capacity 59068K, committed 59160K, reserved 1099776K
  class space    used 7837K, capacity 8280K, committed 8368K, reserved 1048576K
Event: 11.587 GC heap after
Heap after GC invocations=13 (full 3):
 PSYoungGen      total 178688K, used 0K [0x00000000eab00000, 0x00000000f7900000, 0x0000000100000000)
  eden space 160768K, 0% used [0x00000000eab00000,0x00000000eab00000,0x00000000f4800000)
  from space 17920K, 0% used [0x00000000f5d00000,0x00000000f5d00000,0x00000000f6e80000)
  to   space 21504K, 0% used [0x00000000f4800000,0x00000000f4800000,0x00000000f5d00000)
 ParOldGen       total 177664K, used 34809K [0x00000000c0000000, 0x00000000cad80000, 0x00000000eab00000)
  object space 177664K, 19% used [0x00000000c0000000,0x00000000c21fe548,0x00000000cad80000)
 Metaspace       used 57415K, capacity 59068K, committed 59160K, reserved 1099776K
  class space    used 7837K, capacity 8280K, committed 8368K, reserved 1048576K
}

