# JRE version: OpenJDK Runtime Environment (8.0_152-b01) (build 1.8.0_152-release-1343-b01)
# Java VM: OpenJDK 64-Bit Server VM (25.152-b01 mixed mode windows-amd64 compressed oops)
Heap:
 PSYoungGen      total 247296K, used 61458K [0x00000000eab00000, 0x00000000fb900000, 0x0000000100000000)
  eden space 221184K, 19% used [0x00000000eab00000,0x00000000ed59e150,0x00000000f8300000)
  from space 26112K, 68% used [0x00000000f9f80000,0x00000000fb0e66d0,0x00000000fb900000)
  to   space 27648K, 0% used [0x00000000f8300000,0x00000000f8300000,0x00000000f9e00000)
 ParOldGen       total 229888K, used 41890K [0x00000000c0000000, 0x00000000ce080000, 0x00000000eab00000)
  object space 229888K, 18% used [0x00000000c0000000,0x00000000c28e8960,0x00000000ce080000)
 Metaspace       used 64633K, capacity 66606K, committed 66728K, reserved 1107968K
  class space    used 8566K, capacity 9065K, committed 9136K, reserved 1048576K
GC Heap History (10 events):
Event: 14.210 GC heap before
{Heap before GC invocations=11 (full 2):
 PSYoungGen      total 152576K, used 152545K [0x00000000eab00000, 0x00000000f5400000, 0x0000000100000000)
  eden space 139264K, 100% used [0x00000000eab00000,0x00000000f3300000,0x00000000f3300000)
  from space 13312K, 99% used [0x00000000f4280000,0x00000000f4f78538,0x00000000f4f80000)
  to   space 15872K, 0% used [0x00000000f3300000,0x00000000f3300000,0x00000000f4280000)
 ParOldGen       total 171520K, used 20782K [0x00000000c0000000, 0x00000000ca780000, 0x00000000eab00000)
  object space 171520K, 12% used [0x00000000c0000000,0x00000000c144b8d8,0x00000000ca780000)
 Metaspace       used 56786K, capacity 58430K, committed 58536K, reserved 1099776K
  class space    used 7613K, capacity 8030K, committed 8112K, reserved 1048576K
Event: 14.228 GC heap after
Heap after GC invocations=11 (full 2):
 PSYoungGen      total 155136K, used 15840K [0x00000000eab00000, 0x00000000f7a80000, 0x0000000100000000)
  eden space 139264K, 0% used [0x00000000eab00000,0x00000000eab00000,0x00000000f3300000)
  from space 15872K, 99% used [0x00000000f3300000,0x00000000f4278090,0x00000000f4280000)
  to   space 19968K, 0% used [0x00000000f6700000,0x00000000f6700000,0x00000000f7a80000)
 ParOldGen       total 171520K, used 26634K [0x00000000c0000000, 0x00000000ca780000, 0x00000000eab00000)
  object space 171520K, 15% used [0x00000000c0000000,0x00000000c1a02a00,0x00000000ca780000)
 Metaspace       used 56786K, capacity 58430K, committed 58536K, reserved 1099776K
  class space    used 7613K, capacity 8030K, committed 8112K, reserved 1048576K
}
Event: 14.370 GC heap before
{Heap before GC invocations=12 (full 2):
 PSYoungGen      total 155136K, used 33563K [0x00000000eab00000, 0x00000000f7a80000, 0x0000000100000000)
  eden space 139264K, 12% used [0x00000000eab00000,0x00000000ebc4ee00,0x00000000f3300000)
  from space 15872K, 99% used [0x00000000f3300000,0x00000000f4278090,0x00000000f4280000)
  to   space 19968K, 0% used [0x00000000f6700000,0x00000000f6700000,0x00000000f7a80000)
 ParOldGen       total 171520K, used 26634K [0x00000000c0000000, 0x00000000ca780000, 0x00000000eab00000)
  object space 171520K, 15% used [0x00000000c0000000,0x00000000c1a02a00,0x00000000ca780000)
 Metaspace       used 57465K, capacity 59108K, committed 59160K, reserved 1099776K
  class space    used 7728K, capacity 8101K, committed 8112K, reserved 1048576K
Event: 14.382 GC heap after
Heap after GC invocations=12 (full 2):
 PSYoungGen      total 190976K, used 17280K [0x00000000eab00000, 0x00000000f9700000, 0x0000000100000000)
  eden space 171008K, 0% used [0x00000000eab00000,0x00000000eab00000,0x00000000f5200000)
  from space 19968K, 86% used [0x00000000f6700000,0x00000000f77e0090,0x00000000f7a80000)
  to   space 21504K, 0% used [0x00000000f5200000,0x00000000f5200000,0x00000000f6700000)
 ParOldGen       total 171520K, used 26642K [0x00000000c0000000, 0x00000000ca780000, 0x00000000eab00000)
  object space 171520K, 15% used [0x00000000c0000000,0x00000000c1a04a00,0x00000000ca780000)
 Metaspace       used 57465K, capacity 59108K, committed 59160K, reserved 1099776K
  class space    used 7728K, capacity 8101K, committed 8112K, reserved 1048576K
}
Event: 14.382 GC heap before
{Heap before GC invocations=13 (full 3):
 PSYoungGen      total 190976K, used 17280K [0x00000000eab00000, 0x00000000f9700000, 0x0000000100000000)
  eden space 171008K, 0% used [0x00000000eab00000,0x00000000eab00000,0x00000000f5200000)
  from space 19968K, 86% used [0x00000000f6700000,0x00000000f77e0090,0x00000000f7a80000)
  to   space 21504K, 0% used [0x00000000f5200000,0x00000000f5200000,0x00000000f6700000)
 ParOldGen       total 171520K, used 26642K [0x00000000c0000000, 0x00000000ca780000, 0x00000000eab00000)
  object space 171520K, 15% used [0x00000000c0000000,0x00000000c1a04a00,0x00000000ca780000)
 Metaspace       used 57465K, capacity 59108K, committed 59160K, reserved 1099776K
  class space    used 7728K, capacity 8101K, committed 8112K, reserved 1048576K
Event: 14.603 GC heap after
Heap after GC invocations=13 (full 3):
 PSYoungGen      total 190976K, used 0K [0x00000000eab00000, 0x00000000f9700000, 0x0000000100000000)
  eden space 171008K, 0% used [0x00000000eab00000,0x00000000eab00000,0x00000000f5200000)
  from space 19968K, 0% used [0x00000000f6700000,0x00000000f6700000,0x00000000f7a80000)
  to   space 21504K, 0% used [0x00000000f5200000,0x00000000f5200000,0x00000000f6700000)
 ParOldGen       total 229888K, used 31711K [0x00000000c0000000, 0x00000000ce080000, 0x00000000eab00000)
  object space 229888K, 13% used [0x00000000c0000000,0x00000000c1ef7c18,0x00000000ce080000)
 Metaspace       used 57465K, capacity 59108K, committed 59160K, reserved 1099776K
  class space    used 7728K, capacity 8101K, committed 8112K, reserved 1048576K
}
Event: 72.701 GC heap before
{Heap before GC invocations=14 (full 3):
 PSYoungGen      total 190976K, used 171008K [0x00000000eab00000, 0x00000000f9700000, 0x0000000100000000)
  eden space 171008K, 100% used [0x00000000eab00000,0x00000000f5200000,0x00000000f5200000)
  from space 19968K, 0% used [0x00000000f6700000,0x00000000f6700000,0x00000000f7a80000)
  to   space 21504K, 0% used [0x00000000f5200000,0x00000000f5200000,0x00000000f6700000)
 ParOldGen       total 229888K, used 31711K [0x00000000c0000000, 0x00000000ce080000, 0x00000000eab00000)
  object space 229888K, 13% used [0x00000000c0000000,0x00000000c1ef7c18,0x00000000ce080000)
 Metaspace       used 63183K, capacity 64978K, committed 65320K, reserved 1105920K
  class space    used 8449K, capacity 8883K, committed 9008K, reserved 1048576K
Event: 72.736 GC heap after
Heap after GC invocations=14 (full 3):
 PSYoungGen      total 192512K, used 21487K [0x00000000eab00000, 0x00000000fba80000, 0x0000000100000000)
  eden space 171008K, 0% used [0x00000000eab00000,0x00000000eab00000,0x00000000f5200000)
  from space 21504K, 99% used [0x00000000f5200000,0x00000000f66fbd80,0x00000000f6700000)
  to   space 27648K, 0% used [0x00000000f9f80000,0x00000000f9f80000,0x00000000fba80000)
 ParOldGen       total 229888K, used 41882K [0x00000000c0000000, 0x00000000ce080000, 0x00000000eab00000)
  object space 229888K, 18% used [0x00000000c0000000,0x00000000c28e6960,0x00000000ce080000)
 Metaspace       used 63183K, capacity 64978K, committed 65320K, reserved 1105920K
  class space    used 8449K, capacity 8883K, committed 9008K, reserved 1048576K
}
Event: 73.655 GC heap before
{Heap before GC invocations=15 (full 3):
 PSYoungGen      total 192512K, used 192495K [0x00000000eab00000, 0x00000000fba80000, 0x0000000100000000)
  eden space 171008K, 100% used [0x00000000eab00000,0x00000000f5200000,0x00000000f5200000)
  from space 21504K, 99% used [0x00000000f5200000,0x00000000f66fbd80,0x00000000f6700000)
  to   space 27648K, 0% used [0x00000000f9f80000,0x00000000f9f80000,0x00000000fba80000)
 ParOldGen       total 229888K, used 41882K [0x00000000c0000000, 0x00000000ce080000, 0x00000000eab00000)
  object space 229888K, 18% used [0x00000000c0000000,0x00000000c28e6960,0x00000000ce080000)
 Metaspace       used 63460K, capacity 65234K, committed 65576K, reserved 1105920K
  class space    used 8454K, capacity 8883K, committed 9008K, reserved 1048576K
Event: 73.669 GC heap after
Heap after GC invocations=15 (full 3):
 PSYoungGen      total 247296K, used 17817K [0x00000000eab00000, 0x00000000fb900000, 0x0000000100000000)
  eden space 221184K, 0% used [0x00000000eab00000,0x00000000eab00000,0x00000000f8300000)
  from space 26112K, 68% used [0x00000000f9f80000,0x00000000fb0e66d0,0x00000000fb900000)
  to   space 27648K, 0% used [0x00000000f8300000,0x00000000f8300000,0x00000000f9e00000)
 ParOldGen       total 229888K, used 41890K [0x00000000c0000000, 0x00000000ce080000, 0x00000000eab00000)
  object space 229888K, 18% used [0x00000000c0000000,0x00000000c28e8960,0x00000000ce080000)
 Metaspace       used 63460K, capacity 65234K, committed 65576K, reserved 1105920K
  class space    used 8454K, capacity 8883K, committed 9008K, reserved 1048576K
}

