# JRE version: OpenJDK Runtime Environment (8.0_152-b01) (build 1.8.0_152-release-1343-b01)
# Java VM: OpenJDK 64-Bit Server VM (25.152-b01 mixed mode windows-amd64 compressed oops)
Heap:
 PSYoungGen      total 195072K, used 143746K [0x00000000eab00000, 0x00000000f9580000, 0x0000000100000000)
  eden space 162816K, 68% used [0x00000000eab00000,0x00000000f17e5830,0x00000000f4a00000)
  from space 32256K, 99% used [0x00000000f4a00000,0x00000000f697b058,0x00000000f6980000)
  to   space 24064K, 0% used [0x00000000f6980000,0x00000000f6980000,0x00000000f8100000)
 ParOldGen       total 179712K, used 74263K [0x00000000c0000000, 0x00000000caf80000, 0x00000000eab00000)
  object space 179712K, 41% used [0x00000000c0000000,0x00000000c4885fa8,0x00000000caf80000)
 Metaspace       used 79252K, capacity 81232K, committed 81432K, reserved 1120256K
  class space    used 9968K, capacity 10439K, committed 10544K, reserved 1048576K
GC Heap History (10 events):
Event: 10.019 GC heap before
{Heap before GC invocations=12 (full 2):
 PSYoungGen      total 141824K, used 137547K [0x00000000eab00000, 0x00000000f6580000, 0x0000000100000000)
  eden space 127488K, 96% used [0x00000000eab00000,0x00000000f235abf8,0x00000000f2780000)
  from space 14336K, 99% used [0x00000000f2780000,0x00000000f3578070,0x00000000f3580000)
  to   space 17920K, 0% used [0x00000000f5400000,0x00000000f5400000,0x00000000f6580000)
 ParOldGen       total 179712K, used 25117K [0x00000000c0000000, 0x00000000caf80000, 0x00000000eab00000)
  object space 179712K, 13% used [0x00000000c0000000,0x00000000c1887740,0x00000000caf80000)
 Metaspace       used 57542K, capacity 59152K, committed 59160K, reserved 1099776K
  class space    used 7796K, capacity 8239K, committed 8240K, reserved 1048576K
Event: 10.034 GC heap after
Heap after GC invocations=12 (full 2):
 PSYoungGen      total 167936K, used 17896K [0x00000000eab00000, 0x00000000f6f80000, 0x0000000100000000)
  eden space 150016K, 0% used [0x00000000eab00000,0x00000000eab00000,0x00000000f3d80000)
  from space 17920K, 99% used [0x00000000f5400000,0x00000000f657a060,0x00000000f6580000)
  to   space 23040K, 0% used [0x00000000f3d80000,0x00000000f3d80000,0x00000000f5400000)
 ParOldGen       total 179712K, used 33290K [0x00000000c0000000, 0x00000000caf80000, 0x00000000eab00000)
  object space 179712K, 18% used [0x00000000c0000000,0x00000000c2082b88,0x00000000caf80000)
 Metaspace       used 57542K, capacity 59152K, committed 59160K, reserved 1099776K
  class space    used 7796K, capacity 8239K, committed 8240K, reserved 1048576K
}
Event: 10.034 GC heap before
{Heap before GC invocations=13 (full 3):
 PSYoungGen      total 167936K, used 17896K [0x00000000eab00000, 0x00000000f6f80000, 0x0000000100000000)
  eden space 150016K, 0% used [0x00000000eab00000,0x00000000eab00000,0x00000000f3d80000)
  from space 17920K, 99% used [0x00000000f5400000,0x00000000f657a060,0x00000000f6580000)
  to   space 23040K, 0% used [0x00000000f3d80000,0x00000000f3d80000,0x00000000f5400000)
 ParOldGen       total 179712K, used 33290K [0x00000000c0000000, 0x00000000caf80000, 0x00000000eab00000)
  object space 179712K, 18% used [0x00000000c0000000,0x00000000c2082b88,0x00000000caf80000)
 Metaspace       used 57542K, capacity 59152K, committed 59160K, reserved 1099776K
  class space    used 7796K, capacity 8239K, committed 8240K, reserved 1048576K
Event: 10.241 GC heap after
Heap after GC invocations=13 (full 3):
 PSYoungGen      total 167936K, used 0K [0x00000000eab00000, 0x00000000f6f80000, 0x0000000100000000)
  eden space 150016K, 0% used [0x00000000eab00000,0x00000000eab00000,0x00000000f3d80000)
  from space 17920K, 0% used [0x00000000f5400000,0x00000000f5400000,0x00000000f6580000)
  to   space 23040K, 0% used [0x00000000f3d80000,0x00000000f3d80000,0x00000000f5400000)
 ParOldGen       total 179712K, used 39188K [0x00000000c0000000, 0x00000000caf80000, 0x00000000eab00000)
  object space 179712K, 21% used [0x00000000c0000000,0x00000000c2645090,0x00000000caf80000)
 Metaspace       used 57542K, capacity 59152K, committed 59160K, reserved 1099776K
  class space    used 7796K, capacity 8239K, committed 8240K, reserved 1048576K
}
Event: 14.678 GC heap before
{Heap before GC invocations=14 (full 3):
 PSYoungGen      total 167936K, used 150016K [0x00000000eab00000, 0x00000000f6f80000, 0x0000000100000000)
  eden space 150016K, 100% used [0x00000000eab00000,0x00000000f3d80000,0x00000000f3d80000)
  from space 17920K, 0% used [0x00000000f5400000,0x00000000f5400000,0x00000000f6580000)
  to   space 23040K, 0% used [0x00000000f3d80000,0x00000000f3d80000,0x00000000f5400000)
 ParOldGen       total 179712K, used 39188K [0x00000000c0000000, 0x00000000caf80000, 0x00000000eab00000)
  object space 179712K, 21% used [0x00000000c0000000,0x00000000c2645090,0x00000000caf80000)
 Metaspace       used 69515K, capacity 71198K, committed 71320K, reserved 1112064K
  class space    used 8955K, capacity 9381K, committed 9392K, reserved 1048576K
Event: 14.688 GC heap after
Heap after GC invocations=14 (full 3):
 PSYoungGen      total 173056K, used 17609K [0x00000000eab00000, 0x00000000f8100000, 0x0000000100000000)
  eden space 150016K, 0% used [0x00000000eab00000,0x00000000eab00000,0x00000000f3d80000)
  from space 23040K, 76% used [0x00000000f3d80000,0x00000000f4eb2668,0x00000000f5400000)
  to   space 24064K, 0% used [0x00000000f6980000,0x00000000f6980000,0x00000000f8100000)
 ParOldGen       total 179712K, used 39196K [0x00000000c0000000, 0x00000000caf80000, 0x00000000eab00000)
  object space 179712K, 21% used [0x00000000c0000000,0x00000000c2647090,0x00000000caf80000)
 Metaspace       used 69515K, capacity 71198K, committed 71320K, reserved 1112064K
  class space    used 8955K, capacity 9381K, committed 9392K, reserved 1048576K
}
Event: 16.472 GC heap before
{Heap before GC invocations=15 (full 3):
 PSYoungGen      total 173056K, used 167557K [0x00000000eab00000, 0x00000000f8100000, 0x0000000100000000)
  eden space 150016K, 99% used [0x00000000eab00000,0x00000000f3d6f0e0,0x00000000f3d80000)
  from space 23040K, 76% used [0x00000000f3d80000,0x00000000f4eb2668,0x00000000f5400000)
  to   space 24064K, 0% used [0x00000000f6980000,0x00000000f6980000,0x00000000f8100000)
 ParOldGen       total 179712K, used 39196K [0x00000000c0000000, 0x00000000caf80000, 0x00000000eab00000)
  object space 179712K, 21% used [0x00000000c0000000,0x00000000c2647090,0x00000000caf80000)
 Metaspace       used 75667K, capacity 77532K, committed 77720K, reserved 1116160K
  class space    used 9645K, capacity 10130K, committed 10160K, reserved 1048576K
Event: 16.500 GC heap after
Heap after GC invocations=15 (full 3):
 PSYoungGen      total 186880K, used 24058K [0x00000000eab00000, 0x00000000f9580000, 0x0000000100000000)
  eden space 162816K, 0% used [0x00000000eab00000,0x00000000eab00000,0x00000000f4a00000)
  from space 24064K, 99% used [0x00000000f6980000,0x00000000f80fe850,0x00000000f8100000)
  to   space 32256K, 0% used [0x00000000f4a00000,0x00000000f4a00000,0x00000000f6980000)
 ParOldGen       total 179712K, used 54124K [0x00000000c0000000, 0x00000000caf80000, 0x00000000eab00000)
  object space 179712K, 30% used [0x00000000c0000000,0x00000000c34db200,0x00000000caf80000)
 Metaspace       used 75667K, capacity 77532K, committed 77720K, reserved 1116160K
  class space    used 9645K, capacity 10130K, committed 10160K, reserved 1048576K
}
Event: 18.200 GC heap before
{Heap before GC invocations=16 (full 3):
 PSYoungGen      total 186880K, used 186874K [0x00000000eab00000, 0x00000000f9580000, 0x0000000100000000)
  eden space 162816K, 100% used [0x00000000eab00000,0x00000000f4a00000,0x00000000f4a00000)
  from space 24064K, 99% used [0x00000000f6980000,0x00000000f80fe850,0x00000000f8100000)
  to   space 32256K, 0% used [0x00000000f4a00000,0x00000000f4a00000,0x00000000f6980000)
 ParOldGen       total 179712K, used 54124K [0x00000000c0000000, 0x00000000caf80000, 0x00000000eab00000)
  object space 179712K, 30% used [0x00000000c0000000,0x00000000c34db200,0x00000000caf80000)
 Metaspace       used 77634K, capacity 79388K, committed 79640K, reserved 1118208K
  class space    used 9804K, capacity 10258K, committed 10288K, reserved 1048576K
Event: 18.228 GC heap after
Heap after GC invocations=16 (full 3):
 PSYoungGen      total 195072K, used 32236K [0x00000000eab00000, 0x00000000f9580000, 0x0000000100000000)
  eden space 162816K, 0% used [0x00000000eab00000,0x00000000eab00000,0x00000000f4a00000)
  from space 32256K, 99% used [0x00000000f4a00000,0x00000000f697b058,0x00000000f6980000)
  to   space 24064K, 0% used [0x00000000f6980000,0x00000000f6980000,0x00000000f8100000)
 ParOldGen       total 179712K, used 74263K [0x00000000c0000000, 0x00000000caf80000, 0x00000000eab00000)
  object space 179712K, 41% used [0x00000000c0000000,0x00000000c4885fa8,0x00000000caf80000)
 Metaspace       used 77634K, capacity 79388K, committed 79640K, reserved 1118208K
  class space    used 9804K, capacity 10258K, committed 10288K, reserved 1048576K
}

